e:\solent\assesment\agp\race_me_assesment\race_me\debug\vc141.pdb
e:\solent\assesment\agp\race_me_assesment\race_me\debug\vc141.idb
e:\solent\assesment\agp\race_me_assesment\race_me\debug\camera.obj
e:\solent\assesment\agp\race_me_assesment\race_me\debug\enemie.obj
e:\solent\assesment\agp\race_me_assesment\race_me\debug\light.obj
e:\solent\assesment\agp\race_me_assesment\race_me\debug\main.obj
e:\solent\assesment\agp\race_me_assesment\race_me\debug\model.obj
e:\solent\assesment\agp\race_me_assesment\race_me\debug\objfilemodel.obj
e:\solent\assesment\agp\race_me_assesment\race_me\debug\player.obj
e:\solent\assesment\agp\race_me_assesment\race_me\debug\race_me.exe
e:\solent\assesment\agp\race_me_assesment\race_me\debug\race_me.ilk
e:\solent\assesment\agp\race_me_assesment\race_me\debug\race_me.pdb
e:\solent\assesment\agp\race_me_assesment\race_me\debug\model_shaders.cso
e:\solent\assesment\agp\race_me_assesment\race_me\debug\shader.cso
e:\solent\assesment\agp\race_me_assesment\race_me\debug\main.obj.enc
e:\solent\assesment\agp\race_me_assesment\race_me\debug\race_me.tlog\cl.command.1.tlog
e:\solent\assesment\agp\race_me_assesment\race_me\debug\race_me.tlog\cl.read.1.tlog
e:\solent\assesment\agp\race_me_assesment\race_me\debug\race_me.tlog\cl.write.1.tlog
e:\solent\assesment\agp\race_me_assesment\race_me\debug\race_me.tlog\link.command.1.tlog
e:\solent\assesment\agp\race_me_assesment\race_me\debug\race_me.tlog\link.read.1.tlog
e:\solent\assesment\agp\race_me_assesment\race_me\debug\race_me.tlog\link.write.1.tlog
e:\solent\assesment\agp\race_me_assesment\race_me\debug\race_me.tlog\race_me.write.1u.tlog
